<?xml version="1.0" encoding="UTF-8"?>
<testng-results skipped="0" failed="0" total="1" passed="1">
  <reporter-output>
  </reporter-output>
  <suite name="Default suite" duration-ms="66011" started-at="2021-12-25T16:36:44Z" finished-at="2021-12-25T16:37:50Z">
    <groups>
    </groups>
    <test name="Default test" duration-ms="66011" started-at="2021-12-25T16:36:44Z" finished-at="2021-12-25T16:37:50Z">
      <class name="webElementPage.ContentPlay_TestNG">
        <test-method status="PASS" signature="unittest()[pri:0, instance:webElementPage.ContentPlay_TestNG@38082d64]" name="unittest" duration-ms="65988" started-at="2021-12-25T22:36:44Z" finished-at="2021-12-25T22:37:50Z">
          <reporter-output>
          </reporter-output>
        </test-method> <!-- unittest -->
      </class> <!-- webElementPage.ContentPlay_TestNG -->
    </test> <!-- Default test -->
  </suite> <!-- Default suite -->
</testng-results>
